[debug] [2024-01-16T21:21:41.726Z] ----------------------------------------------------------------------
[debug] [2024-01-16T21:21:41.730Z] Command:       /usr/local/bin/node /usr/local/bin/firebase init
[debug] [2024-01-16T21:21:41.730Z] CLI Version:   13.0.3
[debug] [2024-01-16T21:21:41.730Z] Platform:      darwin
[debug] [2024-01-16T21:21:41.730Z] Node Version:  v20.10.0
[debug] [2024-01-16T21:21:41.730Z] Time:          Tue Jan 16 2024 16:21:41 GMT-0500 (Eastern Standard Time)
[debug] [2024-01-16T21:21:41.731Z] ----------------------------------------------------------------------
[debug] 
[debug] [2024-01-16T21:21:41.736Z] > command requires scopes: ["email","openid","https://www.googleapis.com/auth/cloudplatformprojects.readonly","https://www.googleapis.com/auth/firebase","https://www.googleapis.com/auth/cloud-platform"]
[debug] [2024-01-16T21:21:41.736Z] > authorizing via signed-in user (abe.raise@gmail.com)
[info] 
     ######## #### ########  ######## ########     ###     ######  ########
     ##        ##  ##     ## ##       ##     ##  ##   ##  ##       ##
     ######    ##  ########  ######   ########  #########  ######  ######
     ##        ##  ##    ##  ##       ##     ## ##     ##       ## ##
     ##       #### ##     ## ######## ########  ##     ##  ######  ########

You're about to initialize a Firebase project in this directory:

  /Users/abiezerreyes/Downloads/main-prj-01-starting-setup

[info] 
=== Project Setup
[info] 
[info] First, let's associate this project directory with a Firebase project.
[info] You can create multiple project aliases by running firebase use --add, 
[info] but for now we'll just set up a default project.
[info] 
[debug] [2024-01-16T21:23:15.807Z] >>> [apiv2][query] GET https://firebase.googleapis.com/v1beta1/projects pageSize=100
[debug] [2024-01-16T21:23:16.227Z] <<< [apiv2][status] GET https://firebase.googleapis.com/v1beta1/projects 200
[debug] [2024-01-16T21:23:16.227Z] <<< [apiv2][body] GET https://firebase.googleapis.com/v1beta1/projects [omitted]
[info] i  Using project techtutorteam (techTutorTeam) 
[info] 
=== Hosting Setup
[debug] [2024-01-16T21:23:21.274Z] >>> [apiv2][query] GET https://firebase.googleapis.com/v1beta1/projects/techtutorteam [none]
[debug] [2024-01-16T21:23:21.534Z] <<< [apiv2][status] GET https://firebase.googleapis.com/v1beta1/projects/techtutorteam 200
[debug] [2024-01-16T21:23:21.534Z] <<< [apiv2][body] GET https://firebase.googleapis.com/v1beta1/projects/techtutorteam {"projectId":"techtutorteam","projectNumber":"890556721187","displayName":"techTutorTeam","name":"projects/techtutorteam","resources":{"hostingSite":"techtutorteam","realtimeDatabaseInstance":"techtutorteam-default-rtdb"},"state":"ACTIVE","etag":"1_7272a611-8948-4996-9688-691c4e6f6060"}
[info] 
[info] Your public directory is the folder (relative to your project directory) that
[info] will contain Hosting assets to be uploaded with firebase deploy. If you
[info] have a build process for your assets, use your build's output directory.
[info] 
[debug] [2024-01-16T21:28:06.008Z] >>> [apiv2][query] GET https://www.gstatic.com/firebasejs/releases.json [none]
[debug] [2024-01-16T21:28:06.102Z] <<< [apiv2][status] GET https://www.gstatic.com/firebasejs/releases.json 200
[debug] [2024-01-16T21:28:06.103Z] <<< [apiv2][body] GET https://www.gstatic.com/firebasejs/releases.json {"current":{"version":"10.7.1","browserURL":"https://www.gstatic.com/firebasejs/10.7.1/firebase.js","packageURL":"https://www.gstatic.com/firebasejs/10.7.1/firebase.tgz"},"live":{"version":"10.7","browserURL":"https://www.gstatic.com/firebasejs/live/10.7/firebase.js","packageURL":"https://www.gstatic.com/firebasejs/live/10.7/firebase.tgz"},"components":{"analytics":"https://www.gstatic.com/firebasejs/10.7.1/firebase-analytics.js","app":"https://www.gstatic.com/firebasejs/10.7.1/firebase-app.js","app-check":"https://www.gstatic.com/firebasejs/10.7.1/firebase-app-check.js","auth":"https://www.gstatic.com/firebasejs/10.7.1/firebase-auth.js","auth/cordova":"https://www.gstatic.com/firebasejs/10.7.1/firebase-auth/cordova.js","functions":"https://www.gstatic.com/firebasejs/10.7.1/firebase-functions.js","firestore":"https://www.gstatic.com/firebasejs/10.7.1/firebase-firestore.js","firestore/lite":"https://www.gstatic.com/firebasejs/10.7.1/firebase-firestore/lite.js","installations":"https://www.gstatic.com/firebasejs/10.7.1/firebase-installations.js","storage":"https://www.gstatic.com/firebasejs/10.7.1/firebase-storage.js","performance":"https://www.gstatic.com/firebasejs/10.7.1/firebase-performance.js","remote-config":"https://www.gstatic.com/firebasejs/10.7.1/firebase-remote-config.js","messaging":"https://www.gstatic.com/firebasejs/10.7.1/firebase-messaging.js","messaging/sw":"https://www.gstatic.com/firebasejs/10.7.1/firebase-messaging/sw.js","database":"https://www.gstatic.com/firebasejs/10.7.1/firebase-database.js","firestore.memory":"https://www.gstatic.com/firebasejs/10.7.1/firebase-firestore.memory.js"}}
[info] i  Skipping write of dist/index.html 
[info] 
[info] i  Detected a .git folder at /Users/abiezerreyes/Downloads/main-prj-01-starting-setup 
[info] i  Authorizing with GitHub to upload your service account to a GitHub repository's secrets store. 
[info] 
[info] Visit this URL on this device to log in:
[info] https://github.com/login/oauth/authorize?client_id=89cf50f02ac6aaed3484&state=917042453&redirect_uri=http%3A%2F%2Flocalhost%3A9005&scope=read%3Auser%20repo%20public_repo
[info] 
[info] Waiting for authentication...
[debug] [2024-01-16T21:30:04.461Z] >>> [apiv2][query] POST https://github.com/login/oauth/access_token [none]
[debug] [2024-01-16T21:30:04.462Z] >>> [apiv2][body] POST https://github.com/login/oauth/access_token [stream]
[debug] [2024-01-16T21:30:04.692Z] <<< [apiv2][status] POST https://github.com/login/oauth/access_token 200
[debug] [2024-01-16T21:30:04.692Z] <<< [apiv2][body] POST https://github.com/login/oauth/access_token {"access_token":"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","token_type":"bearer","scope":"read:user,repo"}
[debug] [2024-01-16T21:30:04.697Z] >>> [apiv2][query] GET https://api.github.com/user [none]
[debug] [2024-01-16T21:30:04.939Z] <<< [apiv2][status] GET https://api.github.com/user 200
[debug] [2024-01-16T21:30:04.939Z] <<< [apiv2][body] GET https://api.github.com/user {"login":"AbeJitsu","id":127432703,"node_id":"U_kgDOB5h3_w","avatar_url":"https://avatars.githubusercontent.com/u/127432703?v=4","gravatar_id":"","url":"https://api.github.com/users/AbeJitsu","html_url":"https://github.com/AbeJitsu","followers_url":"https://api.github.com/users/AbeJitsu/followers","following_url":"https://api.github.com/users/AbeJitsu/following{/other_user}","gists_url":"https://api.github.com/users/AbeJitsu/gists{/gist_id}","starred_url":"https://api.github.com/users/AbeJitsu/starred{/owner}{/repo}","subscriptions_url":"https://api.github.com/users/AbeJitsu/subscriptions","organizations_url":"https://api.github.com/users/AbeJitsu/orgs","repos_url":"https://api.github.com/users/AbeJitsu/repos","events_url":"https://api.github.com/users/AbeJitsu/events{/privacy}","received_events_url":"https://api.github.com/users/AbeJitsu/received_events","type":"User","site_admin":false,"name":null,"company":null,"blog":"","location":null,"email":null,"hireable":null,"bio":null,"twitter_username":null,"public_repos":13,"public_gists":0,"followers":0,"following":0,"created_at":"2023-03-09T17:16:03Z","updated_at":"2024-01-01T02:18:57Z","private_gists":0,"total_private_repos":5,"owned_private_repos":5,"disk_usage":1549,"collaborators":0,"two_factor_authentication":false,"plan":{"name":"free","space":976562499,"collaborators":0,"private_repos":10000}}
[info] 
[info] ✔  Success! Logged into GitHub as AbeJitsu 
[info] 
[debug] [2024-01-16T21:31:44.602Z] >>> [apiv2][query] GET https://api.github.com/repos/AbeJitsu/techTutorTeam/actions/secrets/public-key type=owner
[debug] [2024-01-16T21:31:44.785Z] <<< [apiv2][status] GET https://api.github.com/repos/AbeJitsu/techTutorTeam/actions/secrets/public-key 404
[debug] [2024-01-16T21:31:44.785Z] <<< [apiv2][body] GET https://api.github.com/repos/AbeJitsu/techTutorTeam/actions/secrets/public-key {"message":"Not Found","documentation_url":"https://docs.github.com/rest/actions/secrets#get-a-repository-public-key"}
[info] 
[info] 
[error] ⚠  The provided authorization cannot be used with this repository. If this repository is in an organization, did you remember to grant access? 
[info] 
[info] i  Action required: Visit this URL to ensure access has been granted to the appropriate organization(s) for the Firebase CLI GitHub OAuth App: 
[info] https://github.com/settings/connections/applications/89cf50f02ac6aaed3484
[info] 
[debug] [2024-01-16T21:32:49.795Z] >>> [apiv2][query] GET https://api.github.com/repos/AbeJitsu/techTutorTeam/actions/secrets/public-key type=owner
[debug] [2024-01-16T21:32:49.984Z] <<< [apiv2][status] GET https://api.github.com/repos/AbeJitsu/techTutorTeam/actions/secrets/public-key 404
[debug] [2024-01-16T21:32:49.985Z] <<< [apiv2][body] GET https://api.github.com/repos/AbeJitsu/techTutorTeam/actions/secrets/public-key {"message":"Not Found","documentation_url":"https://docs.github.com/rest/actions/secrets#get-a-repository-public-key"}
[info] 
[info] 
[error] ⚠  The provided authorization cannot be used with this repository. If this repository is in an organization, did you remember to grant access? 
[info] 
[info] i  Action required: Visit this URL to ensure access has been granted to the appropriate organization(s) for the Firebase CLI GitHub OAuth App: 
[info] https://github.com/settings/connections/applications/89cf50f02ac6aaed3484
[info] 
